# JRE version: Java(TM) SE Runtime Environment (17.0.6+9) (build 17.0.6+9-LTS-190)
# Java VM: Java HotSpot(TM) 64-Bit Server VM (17.0.6+9-LTS-190, mixed mode, sharing, tiered, compressed oops, compressed class ptrs, g1 gc, windows-amd64)
GC Precious Log:
 CPUs: 8 total, 8 available
 Memory: 16131M
 Large Page Support: Disabled
 NUMA Support: Disabled
 Compressed Oops: Enabled (Zero based)
 Heap Region Size: 2M
 Heap Min Capacity: 8M
 Heap Initial Capacity: 254M
 Heap Max Capacity: 4034M
 Pre-touch: Disabled
 Parallel Workers: 8
 Concurrent Workers: 2
 Concurrent Refinement Workers: 8
 Periodic GC: Disabled
Heap:
 garbage-first heap   total 55296K, used 23247K [0x0000000703e00000, 0x0000000800000000)
  region size 2048K, 3 young (6144K), 1 survivors (2048K)
 Metaspace       used 46889K, committed 47168K, reserved 1097728K
  class space    used 5832K, committed 5952K, reserved 1048576K
GC Heap History (20 events):
Event: 299.048 GC heap before
{Heap before GC invocations=24 (full 0):
 garbage-first heap   total 55296K, used 45722K [0x0000000703e00000, 0x0000000800000000)
  region size 2048K, 13 young (26624K), 1 survivors (2048K)
 Metaspace       used 46868K, committed 47104K, reserved 1097728K
  class space    used 5828K, committed 5952K, reserved 1048576K
}
Event: 299.051 GC heap after
{Heap after GC invocations=25 (full 0):
 garbage-first heap   total 55296K, used 21148K [0x0000000703e00000, 0x0000000800000000)
  region size 2048K, 1 young (2048K), 1 survivors (2048K)
 Metaspace       used 46868K, committed 47104K, reserved 1097728K
  class space    used 5828K, committed 5952K, reserved 1048576K
}
Event: 301.047 GC heap before
{Heap before GC invocations=25 (full 0):
 garbage-first heap   total 55296K, used 43676K [0x0000000703e00000, 0x0000000800000000)
  region size 2048K, 13 young (26624K), 1 survivors (2048K)
 Metaspace       used 46868K, committed 47104K, reserved 1097728K
  class space    used 5828K, committed 5952K, reserved 1048576K
}
Event: 301.049 GC heap after
{Heap after GC invocations=26 (full 0):
 garbage-first heap   total 55296K, used 21149K [0x0000000703e00000, 0x0000000800000000)
  region size 2048K, 1 young (2048K), 1 survivors (2048K)
 Metaspace       used 46868K, committed 47104K, reserved 1097728K
  class space    used 5828K, committed 5952K, reserved 1048576K
}
Event: 302.329 GC heap before
{Heap before GC invocations=26 (full 0):
 garbage-first heap   total 55296K, used 43677K [0x0000000703e00000, 0x0000000800000000)
  region size 2048K, 13 young (26624K), 1 survivors (2048K)
 Metaspace       used 46868K, committed 47104K, reserved 1097728K
  class space    used 5828K, committed 5952K, reserved 1048576K
}
Event: 302.332 GC heap after
{Heap after GC invocations=27 (full 0):
 garbage-first heap   total 55296K, used 21145K [0x0000000703e00000, 0x0000000800000000)
  region size 2048K, 1 young (2048K), 1 survivors (2048K)
 Metaspace       used 46868K, committed 47104K, reserved 1097728K
  class space    used 5828K, committed 5952K, reserved 1048576K
}
Event: 303.940 GC heap before
{Heap before GC invocations=27 (full 0):
 garbage-first heap   total 55296K, used 43673K [0x0000000703e00000, 0x0000000800000000)
  region size 2048K, 13 young (26624K), 1 survivors (2048K)
 Metaspace       used 46869K, committed 47104K, reserved 1097728K
  class space    used 5829K, committed 5952K, reserved 1048576K
}
Event: 303.942 GC heap after
{Heap after GC invocations=28 (full 0):
 garbage-first heap   total 55296K, used 21187K [0x0000000703e00000, 0x0000000800000000)
  region size 2048K, 1 young (2048K), 1 survivors (2048K)
 Metaspace       used 46869K, committed 47104K, reserved 1097728K
  class space    used 5829K, committed 5952K, reserved 1048576K
}
Event: 305.371 GC heap before
{Heap before GC invocations=28 (full 0):
 garbage-first heap   total 55296K, used 43715K [0x0000000703e00000, 0x0000000800000000)
  region size 2048K, 12 young (24576K), 1 survivors (2048K)
 Metaspace       used 46888K, committed 47168K, reserved 1097728K
  class space    used 5832K, committed 5952K, reserved 1048576K
}
Event: 305.373 GC heap after
{Heap after GC invocations=29 (full 0):
 garbage-first heap   total 55296K, used 21167K [0x0000000703e00000, 0x0000000800000000)
  region size 2048K, 1 young (2048K), 1 survivors (2048K)
 Metaspace       used 46888K, committed 47168K, reserved 1097728K
  class space    used 5832K, committed 5952K, reserved 1048576K
}
Event: 306.773 GC heap before
{Heap before GC invocations=29 (full 0):
 garbage-first heap   total 55296K, used 41647K [0x0000000703e00000, 0x0000000800000000)
  region size 2048K, 12 young (24576K), 1 survivors (2048K)
 Metaspace       used 46888K, committed 47168K, reserved 1097728K
  class space    used 5832K, committed 5952K, reserved 1048576K
}
Event: 306.775 GC heap after
{Heap after GC invocations=30 (full 0):
 garbage-first heap   total 55296K, used 21183K [0x0000000703e00000, 0x0000000800000000)
  region size 2048K, 1 young (2048K), 1 survivors (2048K)
 Metaspace       used 46888K, committed 47168K, reserved 1097728K
  class space    used 5832K, committed 5952K, reserved 1048576K
}
Event: 308.394 GC heap before
{Heap before GC invocations=30 (full 0):
 garbage-first heap   total 55296K, used 41663K [0x0000000703e00000, 0x0000000800000000)
  region size 2048K, 12 young (24576K), 1 survivors (2048K)
 Metaspace       used 46888K, committed 47168K, reserved 1097728K
  class space    used 5832K, committed 5952K, reserved 1048576K
}
Event: 308.395 GC heap after
{Heap after GC invocations=31 (full 0):
 garbage-first heap   total 55296K, used 21190K [0x0000000703e00000, 0x0000000800000000)
  region size 2048K, 1 young (2048K), 1 survivors (2048K)
 Metaspace       used 46888K, committed 47168K, reserved 1097728K
  class space    used 5832K, committed 5952K, reserved 1048576K
}
Event: 309.901 GC heap before
{Heap before GC invocations=31 (full 0):
 garbage-first heap   total 55296K, used 41670K [0x0000000703e00000, 0x0000000800000000)
  region size 2048K, 12 young (24576K), 1 survivors (2048K)
 Metaspace       used 46888K, committed 47168K, reserved 1097728K
  class space    used 5832K, committed 5952K, reserved 1048576K
}
Event: 309.902 GC heap after
{Heap after GC invocations=32 (full 0):
 garbage-first heap   total 55296K, used 21186K [0x0000000703e00000, 0x0000000800000000)
  region size 2048K, 1 young (2048K), 1 survivors (2048K)
 Metaspace       used 46888K, committed 47168K, reserved 1097728K
  class space    used 5832K, committed 5952K, reserved 1048576K
}
Event: 311.354 GC heap before
{Heap before GC invocations=32 (full 0):
 garbage-first heap   total 55296K, used 41666K [0x0000000703e00000, 0x0000000800000000)
  region size 2048K, 12 young (24576K), 1 survivors (2048K)
 Metaspace       used 46888K, committed 47168K, reserved 1097728K
  class space    used 5832K, committed 5952K, reserved 1048576K
}
Event: 311.356 GC heap after
{Heap after GC invocations=33 (full 0):
 garbage-first heap   total 55296K, used 21190K [0x0000000703e00000, 0x0000000800000000)
  region size 2048K, 1 young (2048K), 1 survivors (2048K)
 Metaspace       used 46888K, committed 47168K, reserved 1097728K
  class space    used 5832K, committed 5952K, reserved 1048576K
}
Event: 312.800 GC heap before
{Heap before GC invocations=33 (full 0):
 garbage-first heap   total 55296K, used 41670K [0x0000000703e00000, 0x0000000800000000)
  region size 2048K, 12 young (24576K), 1 survivors (2048K)
 Metaspace       used 46889K, committed 47168K, reserved 1097728K
  class space    used 5832K, committed 5952K, reserved 1048576K
}
Event: 312.802 GC heap after
{Heap after GC invocations=34 (full 0):
 garbage-first heap   total 55296K, used 21199K [0x0000000703e00000, 0x0000000800000000)
  region size 2048K, 1 young (2048K), 1 survivors (2048K)
 Metaspace       used 46889K, committed 47168K, reserved 1097728K
  class space    used 5832K, committed 5952K, reserved 1048576K
}

